  [1m[36mActiveRecord::SchemaMigration Load (0.6ms)[0m  [1mSELECT "schema_migrations".* FROM "schema_migrations"[0m
  [1m[36mActiveRecord::SchemaMigration Load (0.6ms)[0m  [1mSELECT "schema_migrations".* FROM "schema_migrations"[0m
  [1m[36mActiveRecord::SchemaMigration Load (0.6ms)[0m  [1mSELECT "schema_migrations".* FROM "schema_migrations"[0m
  [1m[36mActiveRecord::SchemaMigration Load (0.6ms)[0m  [1mSELECT "schema_migrations".* FROM "schema_migrations"[0m
  [1m[36mActiveRecord::SchemaMigration Load (0.4ms)[0m  [1mSELECT "schema_migrations".* FROM "schema_migrations"[0m
  [1m[36mActiveRecord::SchemaMigration Load (0.4ms)[0m  [1mSELECT "schema_migrations".* FROM "schema_migrations"[0m
  [1m[36mActiveRecord::SchemaMigration Load (0.6ms)[0m  [1mSELECT "schema_migrations".* FROM "schema_migrations"[0m


Started GET "/" for 127.0.0.1 at 2013-12-15 19:10:54 +0100
Processing by MainController#index as HTML
  Rendered main/index.html.erb within layouts/main (6.1ms)
Completed 200 OK in 121ms (Views: 98.2ms | ActiveRecord: 0.0ms)


Started GET "/assets/bootstrap.min.css?body=1" for 127.0.0.1 at 2013-12-15 19:10:54 +0100


Started GET "/assets/main.css?body=1" for 127.0.0.1 at 2013-12-15 19:10:54 +0100


Started GET "/assets/bootstrap.min.js?body=1" for 127.0.0.1 at 2013-12-15 19:10:54 +0100


Started GET "/assets/jquery.validate.js?body=1" for 127.0.0.1 at 2013-12-15 19:10:54 +0100


Started GET "/assets/bcMaster_Logo.jpg" for 127.0.0.1 at 2013-12-15 19:10:54 +0100


Started GET "/assets/jquery-latest.js?body=1" for 127.0.0.1 at 2013-12-15 19:10:54 +0100


Started GET "/javascripts/validate.js" for 127.0.0.1 at 2013-12-15 19:10:54 +0100

ActionController::RoutingError (No route matches [GET] "/javascripts/validate.js"):
  actionpack (4.0.1) lib/action_dispatch/middleware/debug_exceptions.rb:21:in `call'
  actionpack (4.0.1) lib/action_dispatch/middleware/show_exceptions.rb:30:in `call'
  railties (4.0.1) lib/rails/rack/logger.rb:38:in `call_app'
  railties (4.0.1) lib/rails/rack/logger.rb:20:in `block in call'
  activesupport (4.0.1) lib/active_support/tagged_logging.rb:67:in `block in tagged'
  activesupport (4.0.1) lib/active_support/tagged_logging.rb:25:in `tagged'
  activesupport (4.0.1) lib/active_support/tagged_logging.rb:67:in `tagged'
  railties (4.0.1) lib/rails/rack/logger.rb:20:in `call'
  actionpack (4.0.1) lib/action_dispatch/middleware/request_id.rb:21:in `call'
  rack (1.5.2) lib/rack/methodoverride.rb:21:in `call'
  rack (1.5.2) lib/rack/runtime.rb:17:in `call'
  activesupport (4.0.1) lib/active_support/cache/strategy/local_cache.rb:83:in `call'
  rack (1.5.2) lib/rack/lock.rb:17:in `call'
  actionpack (4.0.1) lib/action_dispatch/middleware/static.rb:64:in `call'
  rack (1.5.2) lib/rack/sendfile.rb:112:in `call'
  railties (4.0.1) lib/rails/engine.rb:511:in `call'
  railties (4.0.1) lib/rails/application.rb:97:in `call'
  rack (1.5.2) lib/rack/lock.rb:17:in `call'
  rack (1.5.2) lib/rack/content_length.rb:14:in `call'
  rack (1.5.2) lib/rack/handler/webrick.rb:60:in `service'
  /home/michael/.rvm/rubies/ruby-2.0.0-p353/lib/ruby/2.0.0/webrick/httpserver.rb:138:in `service'
  /home/michael/.rvm/rubies/ruby-2.0.0-p353/lib/ruby/2.0.0/webrick/httpserver.rb:94:in `run'
  /home/michael/.rvm/rubies/ruby-2.0.0-p353/lib/ruby/2.0.0/webrick/server.rb:295:in `block in start_thread'


  Rendered /home/michael/.rvm/gems/ruby-2.0.0-p353/gems/actionpack-4.0.1/lib/action_dispatch/middleware/templates/rescues/_trace.erb (1.5ms)
  Rendered /home/michael/.rvm/gems/ruby-2.0.0-p353/gems/actionpack-4.0.1/lib/action_dispatch/middleware/templates/routes/_route.html.erb (1.3ms)
  Rendered /home/michael/.rvm/gems/ruby-2.0.0-p353/gems/actionpack-4.0.1/lib/action_dispatch/middleware/templates/routes/_table.html.erb (3.7ms)
  Rendered /home/michael/.rvm/gems/ruby-2.0.0-p353/gems/actionpack-4.0.1/lib/action_dispatch/middleware/templates/rescues/routing_error.erb within rescues/layout (25.3ms)


Started GET "/" for 127.0.0.1 at 2013-12-15 19:16:20 +0100
Processing by MainController#index as HTML
  Rendered main/index.html.erb within layouts/main (1.2ms)
Completed 200 OK in 16ms (Views: 15.2ms | ActiveRecord: 0.0ms)


Started GET "/assets/bootstrap.min.css?body=1" for 127.0.0.1 at 2013-12-15 19:16:20 +0100


Started GET "/assets/bcMaster_Logo.jpg" for 127.0.0.1 at 2013-12-15 19:16:20 +0100


Started GET "/assets/jquery.validate.js?body=1" for 127.0.0.1 at 2013-12-15 19:16:20 +0100


Started GET "/assets/jquery-latest.js?body=1" for 127.0.0.1 at 2013-12-15 19:16:20 +0100


Started GET "/assets/main.css?body=1" for 127.0.0.1 at 2013-12-15 19:16:20 +0100


Started GET "/assets/bootstrap.min.js?body=1" for 127.0.0.1 at 2013-12-15 19:16:20 +0100


Started GET "/javascripts/validate.js" for 127.0.0.1 at 2013-12-15 19:16:20 +0100

ActionController::RoutingError (No route matches [GET] "/javascripts/validate.js"):
  actionpack (4.0.1) lib/action_dispatch/middleware/debug_exceptions.rb:21:in `call'
  actionpack (4.0.1) lib/action_dispatch/middleware/show_exceptions.rb:30:in `call'
  railties (4.0.1) lib/rails/rack/logger.rb:38:in `call_app'
  railties (4.0.1) lib/rails/rack/logger.rb:20:in `block in call'
  activesupport (4.0.1) lib/active_support/tagged_logging.rb:67:in `block in tagged'
  activesupport (4.0.1) lib/active_support/tagged_logging.rb:25:in `tagged'
  activesupport (4.0.1) lib/active_support/tagged_logging.rb:67:in `tagged'
  railties (4.0.1) lib/rails/rack/logger.rb:20:in `call'
  actionpack (4.0.1) lib/action_dispatch/middleware/request_id.rb:21:in `call'
  rack (1.5.2) lib/rack/methodoverride.rb:21:in `call'
  rack (1.5.2) lib/rack/runtime.rb:17:in `call'
  activesupport (4.0.1) lib/active_support/cache/strategy/local_cache.rb:83:in `call'
  rack (1.5.2) lib/rack/lock.rb:17:in `call'
  actionpack (4.0.1) lib/action_dispatch/middleware/static.rb:64:in `call'
  rack (1.5.2) lib/rack/sendfile.rb:112:in `call'
  railties (4.0.1) lib/rails/engine.rb:511:in `call'
  railties (4.0.1) lib/rails/application.rb:97:in `call'
  rack (1.5.2) lib/rack/lock.rb:17:in `call'
  rack (1.5.2) lib/rack/content_length.rb:14:in `call'
  rack (1.5.2) lib/rack/handler/webrick.rb:60:in `service'
  /home/michael/.rvm/rubies/ruby-2.0.0-p353/lib/ruby/2.0.0/webrick/httpserver.rb:138:in `service'
  /home/michael/.rvm/rubies/ruby-2.0.0-p353/lib/ruby/2.0.0/webrick/httpserver.rb:94:in `run'
  /home/michael/.rvm/rubies/ruby-2.0.0-p353/lib/ruby/2.0.0/webrick/server.rb:295:in `block in start_thread'


  Rendered /home/michael/.rvm/gems/ruby-2.0.0-p353/gems/actionpack-4.0.1/lib/action_dispatch/middleware/templates/rescues/_trace.erb (1.2ms)
  Rendered /home/michael/.rvm/gems/ruby-2.0.0-p353/gems/actionpack-4.0.1/lib/action_dispatch/middleware/templates/routes/_route.html.erb (1.0ms)
  Rendered /home/michael/.rvm/gems/ruby-2.0.0-p353/gems/actionpack-4.0.1/lib/action_dispatch/middleware/templates/routes/_table.html.erb (1.3ms)
  Rendered /home/michael/.rvm/gems/ruby-2.0.0-p353/gems/actionpack-4.0.1/lib/action_dispatch/middleware/templates/rescues/routing_error.erb within rescues/layout (16.7ms)


Started GET "/javascripts/validate.js" for 127.0.0.1 at 2013-12-15 19:16:20 +0100

ActionController::RoutingError (No route matches [GET] "/javascripts/validate.js"):
  actionpack (4.0.1) lib/action_dispatch/middleware/debug_exceptions.rb:21:in `call'
  actionpack (4.0.1) lib/action_dispatch/middleware/show_exceptions.rb:30:in `call'
  railties (4.0.1) lib/rails/rack/logger.rb:38:in `call_app'
  railties (4.0.1) lib/rails/rack/logger.rb:20:in `block in call'
  activesupport (4.0.1) lib/active_support/tagged_logging.rb:67:in `block in tagged'
  activesupport (4.0.1) lib/active_support/tagged_logging.rb:25:in `tagged'
  activesupport (4.0.1) lib/active_support/tagged_logging.rb:67:in `tagged'
  railties (4.0.1) lib/rails/rack/logger.rb:20:in `call'
  actionpack (4.0.1) lib/action_dispatch/middleware/request_id.rb:21:in `call'
  rack (1.5.2) lib/rack/methodoverride.rb:21:in `call'
  rack (1.5.2) lib/rack/runtime.rb:17:in `call'
  activesupport (4.0.1) lib/active_support/cache/strategy/local_cache.rb:83:in `call'
  rack (1.5.2) lib/rack/lock.rb:17:in `call'
  actionpack (4.0.1) lib/action_dispatch/middleware/static.rb:64:in `call'
  rack (1.5.2) lib/rack/sendfile.rb:112:in `call'
  railties (4.0.1) lib/rails/engine.rb:511:in `call'
  railties (4.0.1) lib/rails/application.rb:97:in `call'
  rack (1.5.2) lib/rack/lock.rb:17:in `call'
  rack (1.5.2) lib/rack/content_length.rb:14:in `call'
  rack (1.5.2) lib/rack/handler/webrick.rb:60:in `service'
  /home/michael/.rvm/rubies/ruby-2.0.0-p353/lib/ruby/2.0.0/webrick/httpserver.rb:138:in `service'
  /home/michael/.rvm/rubies/ruby-2.0.0-p353/lib/ruby/2.0.0/webrick/httpserver.rb:94:in `run'
  /home/michael/.rvm/rubies/ruby-2.0.0-p353/lib/ruby/2.0.0/webrick/server.rb:295:in `block in start_thread'


  Rendered /home/michael/.rvm/gems/ruby-2.0.0-p353/gems/actionpack-4.0.1/lib/action_dispatch/middleware/templates/rescues/_trace.erb (1.1ms)
  Rendered /home/michael/.rvm/gems/ruby-2.0.0-p353/gems/actionpack-4.0.1/lib/action_dispatch/middleware/templates/routes/_route.html.erb (1.1ms)
  Rendered /home/michael/.rvm/gems/ruby-2.0.0-p353/gems/actionpack-4.0.1/lib/action_dispatch/middleware/templates/routes/_table.html.erb (1.4ms)
  Rendered /home/michael/.rvm/gems/ruby-2.0.0-p353/gems/actionpack-4.0.1/lib/action_dispatch/middleware/templates/rescues/routing_error.erb within rescues/layout (44.5ms)
